0 info it worked if it ends with ok
1 verbose cli [ '/usr/local/bin/node',
1 verbose cli   '/usr/local/bin/npm',
1 verbose cli   'install',
1 verbose cli   '-g',
1 verbose cli   'brew' ]
2 info using npm@2.15.8
3 info using node@v4.4.7
4 verbose install initial load of /usr/local/lib/package.json
5 verbose readDependencies loading dependencies from /usr/local/lib/package.json
6 silly cache add args [ 'brew', null ]
7 verbose cache add spec brew
8 silly cache add parsed spec Result {
8 silly cache add   raw: 'brew',
8 silly cache add   scope: null,
8 silly cache add   name: 'brew',
8 silly cache add   rawSpec: '',
8 silly cache add   spec: 'latest',
8 silly cache add   type: 'tag' }
9 silly addNamed brew@latest
10 verbose addNamed "latest" is being treated as a dist-tag for brew
11 info addNameTag [ 'brew', 'latest' ]
12 silly mapToRegistry name brew
13 silly mapToRegistry using default registry
14 silly mapToRegistry registry https://registry.npmjs.org/
15 silly mapToRegistry data Result {
15 silly mapToRegistry   raw: 'brew',
15 silly mapToRegistry   scope: null,
15 silly mapToRegistry   name: 'brew',
15 silly mapToRegistry   rawSpec: '',
15 silly mapToRegistry   spec: 'latest',
15 silly mapToRegistry   type: 'tag' }
16 silly mapToRegistry uri https://registry.npmjs.org/brew
17 verbose addNameTag registry:https://registry.npmjs.org/brew not in flight; fetching
18 verbose request uri https://registry.npmjs.org/brew
19 verbose request no auth needed
20 info attempt registry request try #1 at 4:18:46 PM
21 verbose request id 30f22db4020105ff
22 http request GET https://registry.npmjs.org/brew
23 http 200 https://registry.npmjs.org/brew
24 verbose headers { server: 'CouchDB/1.5.0 (Erlang OTP/R16B03)',
24 verbose headers   etag: '"1X07FFQNXDDAUIIBKFSZY3DM4"',
24 verbose headers   'content-type': 'application/json',
24 verbose headers   'content-encoding': 'gzip',
24 verbose headers   'cache-control': 'max-age=300',
24 verbose headers   'content-length': '3526',
24 verbose headers   'accept-ranges': 'bytes',
24 verbose headers   date: 'Thu, 01 Sep 2016 20:18:46 GMT',
24 verbose headers   via: '1.1 varnish',
24 verbose headers   age: '0',
24 verbose headers   connection: 'keep-alive',
24 verbose headers   'x-served-by': 'cache-atl6237-ATL',
24 verbose headers   'x-cache': 'MISS',
24 verbose headers   'x-cache-hits': '0',
24 verbose headers   'x-timer': 'S1472761126.471463,VS0,VE363',
24 verbose headers   vary: 'Accept-Encoding' }
25 silly get cb [ 200,
25 silly get   { server: 'CouchDB/1.5.0 (Erlang OTP/R16B03)',
25 silly get     etag: '"1X07FFQNXDDAUIIBKFSZY3DM4"',
25 silly get     'content-type': 'application/json',
25 silly get     'content-encoding': 'gzip',
25 silly get     'cache-control': 'max-age=300',
25 silly get     'content-length': '3526',
25 silly get     'accept-ranges': 'bytes',
25 silly get     date: 'Thu, 01 Sep 2016 20:18:46 GMT',
25 silly get     via: '1.1 varnish',
25 silly get     age: '0',
25 silly get     connection: 'keep-alive',
25 silly get     'x-served-by': 'cache-atl6237-ATL',
25 silly get     'x-cache': 'MISS',
25 silly get     'x-cache-hits': '0',
25 silly get     'x-timer': 'S1472761126.471463,VS0,VE363',
25 silly get     vary: 'Accept-Encoding' } ]
26 verbose get saving brew to /Users/Brett/.npm/registry.npmjs.org/brew/.cache.json
27 verbose correctMkdir /Users/Brett/.npm correctMkdir not in flight; initializing
28 silly addNameTag next cb for brew with tag latest
29 silly addNamed brew@0.0.8
30 verbose addNamed "0.0.8" is a plain semver version for brew
31 silly mapToRegistry name brew
32 silly mapToRegistry using default registry
33 silly mapToRegistry registry https://registry.npmjs.org/
34 silly mapToRegistry data Result {
34 silly mapToRegistry   raw: 'brew',
34 silly mapToRegistry   scope: null,
34 silly mapToRegistry   name: 'brew',
34 silly mapToRegistry   rawSpec: '',
34 silly mapToRegistry   spec: 'latest',
34 silly mapToRegistry   type: 'tag' }
35 silly mapToRegistry uri https://registry.npmjs.org/brew
36 verbose addRemoteTarball https://registry.npmjs.org/brew/-/brew-0.0.8.tgz not in flight; adding
37 verbose addRemoteTarball [ 'https://registry.npmjs.org/brew/-/brew-0.0.8.tgz',
37 verbose addRemoteTarball   '0418840ef1526f0eb5301ed31f22848d71624c6f' ]
38 info retry fetch attempt 1 at 4:18:46 PM
39 info attempt registry request try #1 at 4:18:46 PM
40 http fetch GET https://registry.npmjs.org/brew/-/brew-0.0.8.tgz
41 http fetch 200 https://registry.npmjs.org/brew/-/brew-0.0.8.tgz
42 silly fetchAndShaCheck shasum 0418840ef1526f0eb5301ed31f22848d71624c6f
43 verbose addTmpTarball /var/folders/6t/l9yjh85j5694gq20lwmmgdr40000gn/T/npm-13130-b2d2077d/registry.npmjs.org/brew/-/brew-0.0.8.tgz not in flight; adding
44 verbose addTmpTarball already have metadata; skipping unpack for brew@0.0.8
45 verbose correctMkdir /Users/Brett/.npm correctMkdir not in flight; initializing
46 silly cache afterAdd brew@0.0.8
47 verbose afterAdd /Users/Brett/.npm/brew/0.0.8/package/package.json not in flight; writing
48 verbose correctMkdir /Users/Brett/.npm correctMkdir not in flight; initializing
49 verbose afterAdd /Users/Brett/.npm/brew/0.0.8/package/package.json written
50 silly install resolved [ { name: 'brew',
50 silly install resolved     description: 'A NodeJS module for compiling and packaging together files with async updates.',
50 silly install resolved     version: '0.0.8',
50 silly install resolved     directories: { lib: './lib' },
50 silly install resolved     main: 'index.js',
50 silly install resolved     author: { name: 'Chris Coyne', email: 'ccoyne77@gmail.com' },
50 silly install resolved     dependencies: {},
50 silly install resolved     devDependencies: { 'coffee-script': '*', 'iced-coffee-script': '*' },
50 silly install resolved     repository: { type: 'git', url: 'http://github.com/malgorithms/brew' },
50 silly install resolved     licenses: [ [Object] ],
50 silly install resolved     bugs: { url: 'https://github.com/malgorithms/brew/issues' },
50 silly install resolved     homepage: 'https://github.com/malgorithms/brew',
50 silly install resolved     _id: 'brew@0.0.8',
50 silly install resolved     dist:
50 silly install resolved      { shasum: '0418840ef1526f0eb5301ed31f22848d71624c6f',
50 silly install resolved        tarball: 'https://registry.npmjs.org/brew/-/brew-0.0.8.tgz' },
50 silly install resolved     _from: 'brew@latest',
50 silly install resolved     _npmVersion: '1.3.15',
50 silly install resolved     _npmUser: { name: 'malgorithms', email: 'ccoyne77@gmail.com' },
50 silly install resolved     maintainers: [ [Object] ],
50 silly install resolved     _shasum: '0418840ef1526f0eb5301ed31f22848d71624c6f',
50 silly install resolved     _resolved: 'https://registry.npmjs.org/brew/-/brew-0.0.8.tgz' } ]
51 info install brew@0.0.8 into /usr/local/lib
52 info installOne brew@0.0.8
53 verbose installOne of brew to /usr/local/lib not in flight; installing
54 verbose correctMkdir /Users/Brett/.npm/_locks correctMkdir not in flight; initializing
55 verbose lock using /Users/Brett/.npm/_locks/brew-6cba6166253f7618.lock for /usr/local/lib/node_modules/brew
56 silly install write writing brew 0.0.8 to /usr/local/lib/node_modules/brew
57 verbose unbuild lib/node_modules/brew
58 silly gentlyRm /usr/local/lib/node_modules/brew is being purged from base /usr/local
59 verbose gentlyRm don't care about contents; nuking /usr/local/lib/node_modules/brew
60 verbose tar unpack /Users/Brett/.npm/brew/0.0.8/package.tgz
61 verbose tar unpacking to /usr/local/lib/node_modules/brew
62 silly gentlyRm /usr/local/lib/node_modules/brew is being purged
63 verbose gentlyRm don't care about contents; nuking /usr/local/lib/node_modules/brew
64 silly gunzTarPerm modes [ '755', '644' ]
65 error tar.unpack untar error /Users/Brett/.npm/brew/0.0.8/package.tgz
66 verbose unlock done using /Users/Brett/.npm/_locks/brew-6cba6166253f7618.lock for /usr/local/lib/node_modules/brew
67 verbose fstream_path /usr/local/lib/node_modules/brew
68 verbose fstream_type Directory
69 verbose fstream_class DirWriter
70 verbose stack Error: EACCES: permission denied, mkdir '/usr/local/lib/node_modules/brew'
70 verbose stack     at Error (native)
71 verbose fstream_stack /usr/local/lib/node_modules/npm/node_modules/fstream/lib/dir-writer.js:35:25
71 verbose fstream_stack /usr/local/lib/node_modules/npm/node_modules/mkdirp/index.js:47:53
71 verbose fstream_stack FSReqWrap.oncomplete (fs.js:82:15)
72 verbose cwd /Users/Brett/Desktop/digitalcrafts/7-16immersive/unit-3/expressApp
73 error Darwin 15.6.0
74 error argv "/usr/local/bin/node" "/usr/local/bin/npm" "install" "-g" "brew"
75 error node v4.4.7
76 error npm  v2.15.8
77 error path /usr/local/lib/node_modules/brew
78 error code EACCES
79 error errno -13
80 error syscall mkdir
81 error Error: EACCES: permission denied, mkdir '/usr/local/lib/node_modules/brew'
81 error     at Error (native)
81 error  { [Error: EACCES: permission denied, mkdir '/usr/local/lib/node_modules/brew']
81 error   errno: -13,
81 error   code: 'EACCES',
81 error   syscall: 'mkdir',
81 error   path: '/usr/local/lib/node_modules/brew',
81 error   fstream_type: 'Directory',
81 error   fstream_path: '/usr/local/lib/node_modules/brew',
81 error   fstream_class: 'DirWriter',
81 error   fstream_stack:
81 error    [ '/usr/local/lib/node_modules/npm/node_modules/fstream/lib/dir-writer.js:35:25',
81 error      '/usr/local/lib/node_modules/npm/node_modules/mkdirp/index.js:47:53',
81 error      'FSReqWrap.oncomplete (fs.js:82:15)' ] }
82 error Please try running this command again as root/Administrator.
83 verbose exit [ -13, true ]
84 verbose unbuild lib/node_modules/brew
85 silly gentlyRm /usr/local/lib/node_modules/brew is being purged from base /usr/local
86 verbose gentlyRm don't care about contents; nuking /usr/local/lib/node_modules/brew
